<?xml version="1.0" encoding="UTF-8"?>
<!-- Generated by org.testng.reporters.JUnitReportReporter -->
<testsuite hostname="LAPTOP-077COGF2" failures="0" tests="1" name="com.w2a.testcases.BankManagerLoginTest" time="3.471" errors="0" timestamp="15 Aug 2022 03:11:46 GMT" skipped="0">
  <testcase classname="com.w2a.testcases.BankManagerLoginTest" name="bankManagerLoginTest" time="3.471"/>
</testsuite> <!-- com.w2a.testcases.BankManagerLoginTest -->
