<?xml version="1.0" encoding="UTF-8"?>
<!-- Generated by org.testng.reporters.JUnitReportReporter -->
<testsuite hostname="LAPTOP-077COGF2" failures="0" tests="2" name="com.w2a.testcases.OpenAccountTest" time="0.674" errors="0" timestamp="15 Aug 2022 03:11:46 GMT" skipped="0">
  <testcase classname="com.w2a.testcases.OpenAccountTest" name="openAccountTest" time="0.462"/>
  <testcase classname="com.w2a.testcases.OpenAccountTest" name="openAccountTest" time="0.212"/>
</testsuite> <!-- com.w2a.testcases.OpenAccountTest -->
